Oct-07 11:33:06.629 [main] DEBUG nextflow.cli.Launcher - $> nextflow main.nf -c nextflow.config -profile docker --input /home/user2/Downloads/refgenome/hg19-nochr/Homo_sapiens_assembly19.fa --outdir run02/
Oct-07 11:33:06.774 [main] INFO  nextflow.cli.CmdRun - N E X T F L O W  ~  version 23.10.1
Oct-07 11:33:06.796 [main] DEBUG nextflow.plugin.PluginsFacade - Setting up plugin manager > mode=prod; embedded=false; plugins-dir=/root/.nextflow/plugins; core-plugins: nf-amazon@2.1.4,nf-azure@1.3.3,nf-cloudcache@0.3.0,nf-codecommit@0.1.5,nf-console@1.0.6,nf-ga4gh@1.1.0,nf-google@1.8.3,nf-tower@1.6.3,nf-wave@1.0.1
Oct-07 11:33:06.807 [main] INFO  o.pf4j.DefaultPluginStatusProvider - Enabled plugins: []
Oct-07 11:33:06.808 [main] INFO  o.pf4j.DefaultPluginStatusProvider - Disabled plugins: []
Oct-07 11:33:06.812 [main] INFO  org.pf4j.DefaultPluginManager - PF4J version 3.4.1 in 'deployment' mode
Oct-07 11:33:06.824 [main] INFO  org.pf4j.AbstractPluginManager - No plugins
Oct-07 11:33:06.844 [main] DEBUG nextflow.config.ConfigBuilder - Found config local: /home/user2/Downloads/prepare_reference/nextflow.config
Oct-07 11:33:06.847 [main] DEBUG nextflow.config.ConfigBuilder - User config file: /home/user2/Downloads/prepare_reference/nextflow.config
Oct-07 11:33:06.847 [main] DEBUG nextflow.config.ConfigBuilder - Parsing config file: /home/user2/Downloads/prepare_reference/nextflow.config
Oct-07 11:33:06.848 [main] DEBUG nextflow.config.ConfigBuilder - Parsing config file: /home/user2/Downloads/prepare_reference/nextflow.config
Oct-07 11:33:06.875 [main] DEBUG nextflow.config.ConfigBuilder - Applying config profile: `docker`
Oct-07 11:33:07.966 [main] DEBUG nextflow.config.ConfigBuilder - Applying config profile: `docker`
Oct-07 11:33:08.070 [main] DEBUG nextflow.config.ConfigBuilder - Available config profiles: [gitpod, debug, shifter, mamba, charliecloud, apptainer, conda, singularity, arm, docker, podman]
Oct-07 11:33:08.104 [main] DEBUG nextflow.cli.CmdRun - Applied DSL=2 from script declararion
Oct-07 11:33:08.122 [main] INFO  nextflow.cli.CmdRun - Launching `main.nf` [nauseous_goldberg] DSL2 - revision: 8cf4b827c6
Oct-07 11:33:08.122 [main] DEBUG nextflow.plugin.PluginsFacade - Plugins declared=[nf-validation@1.1.3]
Oct-07 11:33:08.123 [main] DEBUG nextflow.plugin.PluginsFacade - Plugins default=[]
Oct-07 11:33:08.123 [main] DEBUG nextflow.plugin.PluginsFacade - Plugins resolved requirement=[nf-validation@1.1.3]
Oct-07 11:33:08.123 [main] DEBUG nextflow.plugin.PluginUpdater - Installing plugin nf-validation version: 1.1.3
Oct-07 11:33:08.130 [main] INFO  org.pf4j.AbstractPluginManager - Plugin 'nf-validation@1.1.3' resolved
Oct-07 11:33:08.130 [main] INFO  org.pf4j.AbstractPluginManager - Start plugin 'nf-validation@1.1.3'
Oct-07 11:33:08.153 [main] DEBUG nextflow.plugin.BasePlugin - Plugin started nf-validation@1.1.3
Oct-07 11:33:08.172 [main] DEBUG n.secret.LocalSecretsProvider - Secrets store: /root/.nextflow/secrets/store.json
Oct-07 11:33:08.178 [main] DEBUG nextflow.secret.SecretsLoader - Discovered secrets providers: [nextflow.secret.LocalSecretsProvider@5dbb50f3] - activable => nextflow.secret.LocalSecretsProvider@5dbb50f3
Oct-07 11:33:08.252 [main] DEBUG nextflow.Session - Session UUID: 791b1570-703d-4d38-9a8a-f476328d6544
Oct-07 11:33:08.252 [main] DEBUG nextflow.Session - Run name: nauseous_goldberg
Oct-07 11:33:08.252 [main] DEBUG nextflow.Session - Executor pool size: 20
Oct-07 11:33:08.262 [main] DEBUG nextflow.file.FilePorter - File porter settings maxRetries=3; maxTransfers=50; pollTimeout=null
Oct-07 11:33:08.267 [main] DEBUG nextflow.util.ThreadPoolBuilder - Creating thread pool 'FileTransfer' minSize=10; maxSize=60; workQueue=LinkedBlockingQueue[10000]; allowCoreThreadTimeout=false
Oct-07 11:33:08.287 [main] DEBUG nextflow.cli.CmdRun - 
  Version: 23.10.1 build 5891
  Created: 12-01-2024 22:01 UTC (13-01-2024 06:01 MYST)
  System: Linux 6.8.0-45-generic
  Runtime: Groovy 3.0.19 on OpenJDK 64-Bit Server VM 19.0.2+7-Ubuntu-0ubuntu322.04
  Encoding: UTF-8 (UTF-8)
  Process: 23139@user2-LPC2 [127.0.1.1]
  CPUs: 20 - Mem: 31.1 GB (8.9 GB) - Swap: 0 (0)
Oct-07 11:33:08.308 [main] DEBUG nextflow.Session - Work-dir: /home/user2/Downloads/prepare_reference/work [ext2/ext3]
Oct-07 11:33:08.308 [main] DEBUG nextflow.Session - Script base path does not exist or is not a directory: /home/user2/Downloads/prepare_reference/bin
Oct-07 11:33:08.320 [main] DEBUG nextflow.executor.ExecutorFactory - Extension executors providers=[]
Oct-07 11:33:08.329 [main] DEBUG nextflow.Session - Observer factory: DefaultObserverFactory
Oct-07 11:33:08.375 [main] DEBUG nextflow.cache.CacheFactory - Using Nextflow cache factory: nextflow.cache.DefaultCacheFactory
Oct-07 11:33:08.385 [main] DEBUG nextflow.util.CustomThreadPool - Creating default thread pool > poolSize: 21; maxThreads: 1000
Oct-07 11:33:08.485 [main] DEBUG nextflow.Session - Session start
Oct-07 11:33:08.489 [main] DEBUG nextflow.trace.TraceFileObserver - Workflow started -- trace file: /home/user2/Downloads/prepare_reference/run02/pipeline_info/execution_trace_2024-10-07_11-33-08.txt
Oct-07 11:33:08.498 [main] DEBUG nextflow.Session - Using default localLib path: /home/user2/Downloads/prepare_reference/lib
Oct-07 11:33:08.502 [main] DEBUG nextflow.Session - Adding to the classpath library: /home/user2/Downloads/prepare_reference/lib
Oct-07 11:33:08.967 [main] DEBUG nextflow.script.ScriptRunner - > Launching execution
Oct-07 11:33:08.980 [main] DEBUG nextflow.script.IncludeDef - Loading included plugin extensions with names: [validateParameters:validateParameters, paramsHelp:paramsHelp]; plugin Id: nf-validation
Oct-07 11:33:08.994 [main] DEBUG nextflow.validation.SchemaValidator - Starting parameters validation
Oct-07 11:33:09.086 [main] DEBUG nextflow.validation.SchemaValidator - Finishing parameters validation
Oct-07 11:33:09.276 [main] DEBUG nextflow.script.IncludeDef - Loading included plugin extensions with names: [paramsSummaryLog:paramsSummaryLog, paramsSummaryMap:paramsSummaryMap, fromSamplesheet:fromSamplesheet]; plugin Id: nf-validation
Oct-07 11:33:09.290 [main] INFO  nextflow.Nextflow - 

-[2m----------------------------------------------------[0m-
                                        [0;32m,--.[0;30m/[0;32m,-.[0m
[0;34m        ___     __   __   __   ___     [0;32m/,-._.--~'[0m
[0;34m  |\ | |__  __ /  ` /  \ |__) |__         [0;33m}  {[0m
[0;34m  | \| |       \__, \__/ |  \ |___     [0;32m\`-._,-`-,[0m
                                        [0;32m`._,._,'[0m
[0;35m  synapsys/prepare_bwamem2 v1.0[0m
-[2m----------------------------------------------------[0m-
[1mCore Nextflow options[0m
  [0;34mrunName        : [0;32mnauseous_goldberg[0m
  [0;34mcontainerEngine: [0;32mdocker[0m
  [0;34mlaunchDir      : [0;32m/home/user2/Downloads/prepare_reference[0m
  [0;34mworkDir        : [0;32m/home/user2/Downloads/prepare_reference/work[0m
  [0;34mprojectDir     : [0;32m/home/user2/Downloads/prepare_reference[0m
  [0;34muserName       : [0;32mroot[0m
  [0;34mprofile        : [0;32mdocker[0m
  [0;34mconfigFiles    : [0;32m[0m

[1mInput/output options[0m
  [0;34minput          : [0;32m/home/user2/Downloads/refgenome/hg19-nochr/Homo_sapiens_assembly19.fa[0m
  [0;34moutdir         : [0;32mrun02/[0m

!! Only displaying parameters that differ from the pipeline defaults !!
-[2m----------------------------------------------------[0m-
If you use synapsys/prepare_bwamem2 for your analysis please cite:

* The nf-core framework
  https://doi.org/10.1038/s41587-020-0439-x

* Software dependencies
  https://github.com/synapsys/prepare_bwamem2/blob/master/CITATIONS.md

Oct-07 11:33:09.296 [main] WARN  nextflow.script.ScriptBinding - Access to undefined parameter `genomes` -- Initialise it to a default value eg. `params.genomes = some_value`
Oct-07 11:33:09.583 [main] DEBUG nextflow.script.ProcessConfig - Config settings `withLabel:process_single` matches labels `process_single` for process with name NFCORE_PREPARE_BWAMEM2:PREPARE_BWAMEM2:BWAMEM2_INDEX
Oct-07 11:33:09.584 [main] DEBUG nextflow.script.ProcessConfig - Config settings `withName:.*BWAMEM2_INDEX` matches process NFCORE_PREPARE_BWAMEM2:PREPARE_BWAMEM2:BWAMEM2_INDEX
Oct-07 11:33:09.586 [main] DEBUG nextflow.script.ProcessConfig - Config settings `withName:.*BWAMEM2_INDEX` matches process NFCORE_PREPARE_BWAMEM2:PREPARE_BWAMEM2:BWAMEM2_INDEX
Oct-07 11:33:09.590 [main] DEBUG nextflow.executor.ExecutorFactory - << taskConfig executor: null
Oct-07 11:33:09.591 [main] DEBUG nextflow.executor.ExecutorFactory - >> processorType: 'local'
Oct-07 11:33:09.596 [main] DEBUG nextflow.executor.Executor - [warm up] executor > local
Oct-07 11:33:09.603 [main] DEBUG n.processor.LocalPollingMonitor - Creating local task monitor for executor 'local' > cpus=20; memory=31.1 GB; capacity=20; pollInterval=100ms; dumpInterval=5m
Oct-07 11:33:09.605 [main] DEBUG n.processor.TaskPollingMonitor - >>> barrier register (monitor: local)
Oct-07 11:33:09.675 [main] DEBUG nextflow.Session - Config process names validation disabled as requested
Oct-07 11:33:09.680 [main] DEBUG nextflow.Session - Igniting dataflow network (3)
Oct-07 11:33:09.686 [main] DEBUG nextflow.processor.TaskProcessor - Starting process > NFCORE_PREPARE_BWAMEM2:PREPARE_BWAMEM2:BWAMEM2_INDEX
Oct-07 11:33:09.688 [main] DEBUG nextflow.script.ScriptRunner - Parsed script files:
  Script_07912b291937f35c: /home/user2/Downloads/prepare_reference/./workflows/prepare_bwamem2.nf
  Script_d6715a92b793b124: /home/user2/Downloads/prepare_reference/./workflows/../subworkflows/bwamem2/index/main.nf
  Script_4a1da59114639ce6: /home/user2/Downloads/prepare_reference/main.nf
Oct-07 11:33:09.688 [main] DEBUG nextflow.script.ScriptRunner - > Awaiting termination 
Oct-07 11:33:09.688 [main] DEBUG nextflow.Session - Session await
Oct-07 11:33:09.853 [Task submitter] DEBUG n.executor.local.LocalTaskHandler - Launch cmd line: /bin/bash -ue .command.run
Oct-07 11:33:09.855 [Task submitter] INFO  nextflow.Session - [34/1071a1] Submitted process > NFCORE_PREPARE_BWAMEM2:PREPARE_BWAMEM2:BWAMEM2_INDEX (Homo_sapiens_assembly19.fa)
Oct-07 11:34:40.302 [Task monitor] DEBUG n.processor.TaskPollingMonitor - Task completed > TaskHandler[id: 1; name: NFCORE_PREPARE_BWAMEM2:PREPARE_BWAMEM2:BWAMEM2_INDEX (Homo_sapiens_assembly19.fa); status: COMPLETED; exit: 137; error: -; workDir: /home/user2/Downloads/prepare_reference/work/34/1071a1d30212cc15778d3f2819c894]
Oct-07 11:34:40.307 [Task monitor] DEBUG nextflow.processor.TaskProcessor - Handling unexpected condition for
  task: name=NFCORE_PREPARE_BWAMEM2:PREPARE_BWAMEM2:BWAMEM2_INDEX (Homo_sapiens_assembly19.fa); work-dir=/home/user2/Downloads/prepare_reference/work/34/1071a1d30212cc15778d3f2819c894
  error [nextflow.exception.ProcessFailedException]: Process `NFCORE_PREPARE_BWAMEM2:PREPARE_BWAMEM2:BWAMEM2_INDEX (Homo_sapiens_assembly19.fa)` terminated with an error exit status (137)
Oct-07 11:34:40.319 [Task monitor] INFO  nextflow.processor.TaskProcessor - [34/1071a1] NOTE: Process `NFCORE_PREPARE_BWAMEM2:PREPARE_BWAMEM2:BWAMEM2_INDEX (Homo_sapiens_assembly19.fa)` terminated with an error exit status (137) -- Execution is retried (1)
Oct-07 11:34:40.332 [Task submitter] DEBUG n.executor.local.LocalTaskHandler - Launch cmd line: /bin/bash -ue .command.run
Oct-07 11:34:40.333 [Task submitter] INFO  nextflow.Session - [25/158d78] Re-submitted process > NFCORE_PREPARE_BWAMEM2:PREPARE_BWAMEM2:BWAMEM2_INDEX (Homo_sapiens_assembly19.fa)
Oct-07 11:36:21.763 [SIGINT handler] DEBUG nextflow.Session - Session aborted -- Cause: SIGINT
Oct-07 11:36:21.778 [SIGINT handler] DEBUG nextflow.Session - The following nodes are still active:
  [operator] mix

Oct-07 11:36:21.780 [main] DEBUG nextflow.Session - Session await > all processes finished
Oct-07 11:36:21.780 [main] DEBUG nextflow.Session - Session await > all barriers passed
Oct-07 11:36:21.780 [Task monitor] DEBUG n.processor.TaskPollingMonitor - <<< barrier arrives (monitor: local) - terminating tasks monitor poll loop
Oct-07 11:36:21.803 [main] INFO  nextflow.Nextflow - -[0;35m[synapsys/prepare_bwamem2][0;31m Pipeline completed with errors[0m-
Oct-07 11:36:21.808 [main] WARN  n.processor.TaskPollingMonitor - Killing running tasks (1)
Oct-07 11:36:21.820 [main] DEBUG n.trace.WorkflowStatsObserver - Workflow completed > WorkflowStats[succeededCount=0; failedCount=1; ignoredCount=0; cachedCount=0; pendingCount=0; submittedCount=0; runningCount=0; retriesCount=1; abortedCount=1; succeedDuration=0ms; failedDuration=1m 30s; cachedDuration=0ms;loadCpus=0; loadMemory=0; peakRunning=1; peakCpus=1; peakMemory=12 GB; ]
Oct-07 11:36:21.820 [main] DEBUG nextflow.trace.TraceFileObserver - Workflow completed -- saving trace file
Oct-07 11:36:21.823 [main] DEBUG nextflow.trace.ReportObserver - Workflow completed -- rendering execution report
Oct-07 11:36:22.589 [main] DEBUG nextflow.trace.TimelineObserver - Workflow completed -- rendering execution timeline
Oct-07 11:36:22.694 [main] DEBUG nextflow.cache.CacheDB - Closing CacheDB done
Oct-07 11:36:22.695 [main] INFO  org.pf4j.AbstractPluginManager - Stop plugin 'nf-validation@1.1.3'
Oct-07 11:36:22.695 [main] DEBUG nextflow.plugin.BasePlugin - Plugin stopped nf-validation
Oct-07 11:36:22.726 [main] DEBUG nextflow.script.ScriptRunner - > Execution complete -- Goodbye
